  game_object.cpp
  load_texture.cpp
C:\Users\Stylianos\Desktop\1800997_ZachariouStylianos\build\Coursework\game_object.h(4,10): fatal error C1083: Cannot open include file: 'box2d/Box2D.h': No such file or directory
  main_d3d11.cpp
C:\Users\Stylianos\Desktop\1800997_ZachariouStylianos\build\Coursework\load_texture.h(4,10): fatal error C1083: Cannot open include file: 'system/platform.h': No such file or directory
  primitive_builder.cpp
C:\Users\Stylianos\Desktop\1800997_ZachariouStylianos\build\Coursework\main_d3d11.cpp(1,10): fatal error C1083: Cannot open include file: 'platform/d3d11/system/platform_d3d11.h': No such file or directory
  scene_app.cpp
C:\Users\Stylianos\Desktop\1800997_ZachariouStylianos\build\Coursework\primitive_builder.h(4,10): fatal error C1083: Cannot open include file: 'maths/vector4.h': No such file or directory
  animated_mesh.cpp
C:\Users\Stylianos\Desktop\1800997_ZachariouStylianos\build\Coursework\scene_app.h(4,10): fatal error C1083: Cannot open include file: 'system/application.h': No such file or directory
  bubble.cpp
C:\Users\Stylianos\Desktop\1800997_ZachariouStylianos\build\Coursework\build\vs2017\animated_mesh.h(5,10): fatal error C1083: Cannot open include file: 'animation/animation.h': No such file or directory
  bubble_manager.cpp
C:\Users\Stylianos\Desktop\1800997_ZachariouStylianos\build\Coursework\game_object.h(4,10): fatal error C1083: Cannot open include file: 'box2d/Box2D.h': No such file or directory
  character.cpp
C:\Users\Stylianos\Desktop\1800997_ZachariouStylianos\build\Coursework\game_object.h(4,10): fatal error C1083: Cannot open include file: 'box2d/Box2D.h': No such file or directory
  controls_state.cpp
C:\Users\Stylianos\Desktop\1800997_ZachariouStylianos\build\Coursework\game_object.h(4,10): fatal error C1083: Cannot open include file: 'box2d/Box2D.h': No such file or directory
  death_state.cpp
C:\Users\Stylianos\Desktop\1800997_ZachariouStylianos\build\Coursework\build\vs2017\state.h(2,10): fatal error C1083: Cannot open include file: 'graphics/renderer_3d.h': No such file or directory
  enemy.cpp
C:\Users\Stylianos\Desktop\1800997_ZachariouStylianos\build\Coursework\build\vs2017\state.h(2,10): fatal error C1083: Cannot open include file: 'graphics/renderer_3d.h': No such file or directory
  enemy_manager.cpp
C:\Users\Stylianos\Desktop\1800997_ZachariouStylianos\build\Coursework\game_object.h(4,10): fatal error C1083: Cannot open include file: 'box2d/Box2D.h': No such file or directory
  fruit.cpp
C:\Users\Stylianos\Desktop\1800997_ZachariouStylianos\build\Coursework\game_object.h(4,10): fatal error C1083: Cannot open include file: 'box2d/Box2D.h': No such file or directory
  fruit_manager.cpp
C:\Users\Stylianos\Desktop\1800997_ZachariouStylianos\build\Coursework\game_object.h(4,10): fatal error C1083: Cannot open include file: 'box2d/Box2D.h': No such file or directory
  level.cpp
C:\Users\Stylianos\Desktop\1800997_ZachariouStylianos\build\Coursework\game_object.h(4,10): fatal error C1083: Cannot open include file: 'box2d/Box2D.h': No such file or directory
  level_state.cpp
C:\Users\Stylianos\Desktop\1800997_ZachariouStylianos\build\Coursework\game_object.h(4,10): fatal error C1083: Cannot open include file: 'box2d/Box2D.h': No such file or directory
  main_camera.cpp
C:\Users\Stylianos\Desktop\1800997_ZachariouStylianos\build\Coursework\build\vs2017\state.h(2,10): fatal error C1083: Cannot open include file: 'graphics/renderer_3d.h': No such file or directory
  main_menu_state.cpp
C:\Users\Stylianos\Desktop\1800997_ZachariouStylianos\build\Coursework\build\vs2017\main_camera.h(2,10): fatal error C1083: Cannot open include file: 'maths/vector2.h': No such file or directory
  maita.cpp
C:\Users\Stylianos\Desktop\1800997_ZachariouStylianos\build\Coursework\build\vs2017\state.h(2,10): fatal error C1083: Cannot open include file: 'graphics/renderer_3d.h': No such file or directory
  Generating Code...
  Compiling...
  monsta.cpp
C:\Users\Stylianos\Desktop\1800997_ZachariouStylianos\build\Coursework\game_object.h(4,10): fatal error C1083: Cannot open include file: 'box2d/Box2D.h': No such file or directory
  options_state.cpp
C:\Users\Stylianos\Desktop\1800997_ZachariouStylianos\build\Coursework\game_object.h(4,10): fatal error C1083: Cannot open include file: 'box2d/Box2D.h': No such file or directory
  pause_bubble.cpp
C:\Users\Stylianos\Desktop\1800997_ZachariouStylianos\build\Coursework\build\vs2017\state.h(2,10): fatal error C1083: Cannot open include file: 'graphics/renderer_3d.h': No such file or directory
  pause_state.cpp
C:\Users\Stylianos\Desktop\1800997_ZachariouStylianos\build\Coursework\game_object.h(4,10): fatal error C1083: Cannot open include file: 'box2d/Box2D.h': No such file or directory
  player.cpp
C:\Users\Stylianos\Desktop\1800997_ZachariouStylianos\build\Coursework\build\vs2017\state.h(2,10): fatal error C1083: Cannot open include file: 'graphics/renderer_3d.h': No such file or directory
  state.cpp
C:\Users\Stylianos\Desktop\1800997_ZachariouStylianos\build\Coursework\game_object.h(4,10): fatal error C1083: Cannot open include file: 'box2d/Box2D.h': No such file or directory
  state_machine.cpp
C:\Users\Stylianos\Desktop\1800997_ZachariouStylianos\build\Coursework\build\vs2017\state.h(2,10): fatal error C1083: Cannot open include file: 'graphics/renderer_3d.h': No such file or directory
  zen_chan.cpp
C:\Users\Stylianos\Desktop\1800997_ZachariouStylianos\build\Coursework\build\vs2017\state.h(2,10): fatal error C1083: Cannot open include file: 'graphics/renderer_3d.h': No such file or directory
  Generating Code...
C:\Users\Stylianos\Desktop\1800997_ZachariouStylianos\build\Coursework\game_object.h(4,10): fatal error C1083: Cannot open include file: 'box2d/Box2D.h': No such file or directory
